+ BASEDIR=/home/lis.isabella.gidi/jsalt2025/src/experiments/mega_automation_edited
+ cd /home/lis.isabella.gidi/jsalt2025/src/experiments/mega_automation_edited
+ export PYTHONPATH=/home/lis.isabella.gidi/jsalt2025/src/experiments:
+ PYTHONPATH=/home/lis.isabella.gidi/jsalt2025/src/experiments:
+ export PYTHONUNBUFFERED=1
+ PYTHONUNBUFFERED=1
+ MODEL_NAME=bigscience/bloom-1b1
+ MORPHY=/home/lis.isabella.gidi/jsalt2025/src/datasets/morphy_net/MorphyNet_all_present_conjugations.json
+ python3 -u repair_with_top_heads.py --model_name bigscience/bloom-1b1 --results_root results --morphynet_path /home/lis.isabella.gidi/jsalt2025/src/datasets/morphy_net/MorphyNet_all_present_conjugations.json --max_verbs 1300 --max_prompts_head 50 --batch_size 16 --device cuda --out_dir results_summary
WARNING:root:Missing key for a weight matrix in pretrained, filled in with an empty tensor: pos_embed.W_pos
Asking to truncate to max_length but no maximum length is provided and the model has no predefined maximum length. Default to no truncation.
Asking to truncate to max_length but no maximum length is provided and the model has no predefined maximum length. Default to no truncation.
Asking to truncate to max_length but no maximum length is provided and the model has no predefined maximum length. Default to no truncation.
Asking to truncate to max_length but no maximum length is provided and the model has no predefined maximum length. Default to no truncation.
Asking to truncate to max_length but no maximum length is provided and the model has no predefined maximum length. Default to no truncation.
Asking to truncate to max_length but no maximum length is provided and the model has no predefined maximum length. Default to no truncation.
Asking to truncate to max_length but no maximum length is provided and the model has no predefined maximum length. Default to no truncation.
Asking to truncate to max_length but no maximum length is provided and the model has no predefined maximum length. Default to no truncation.
Asking to truncate to max_length but no maximum length is provided and the model has no predefined maximum length. Default to no truncation.
Asking to truncate to max_length but no maximum length is provided and the model has no predefined maximum length. Default to no truncation.
Asking to truncate to max_length but no maximum length is provided and the model has no predefined maximum length. Default to no truncation.
Asking to truncate to max_length but no maximum length is provided and the model has no predefined maximum length. Default to no truncation.
Asking to truncate to max_length but no maximum length is provided and the model has no predefined maximum length. Default to no truncation.
Asking to truncate to max_length but no maximum length is provided and the model has no predefined maximum length. Default to no truncation.
Asking to truncate to max_length but no maximum length is provided and the model has no predefined maximum length. Default to no truncation.
Asking to truncate to max_length but no maximum length is provided and the model has no predefined maximum length. Default to no truncation.
Asking to truncate to max_length but no maximum length is provided and the model has no predefined maximum length. Default to no truncation.
Asking to truncate to max_length but no maximum length is provided and the model has no predefined maximum length. Default to no truncation.
Asking to truncate to max_length but no maximum length is provided and the model has no predefined maximum length. Default to no truncation.
Asking to truncate to max_length but no maximum length is provided and the model has no predefined maximum length. Default to no truncation.
Asking to truncate to max_length but no maximum length is provided and the model has no predefined maximum length. Default to no truncation.
Asking to truncate to max_length but no maximum length is provided and the model has no predefined maximum length. Default to no truncation.
Asking to truncate to max_length but no maximum length is provided and the model has no predefined maximum length. Default to no truncation.
Asking to truncate to max_length but no maximum length is provided and the model has no predefined maximum length. Default to no truncation.
Asking to truncate to max_length but no maximum length is provided and the model has no predefined maximum length. Default to no truncation.
Asking to truncate to max_length but no maximum length is provided and the model has no predefined maximum length. Default to no truncation.
Asking to truncate to max_length but no maximum length is provided and the model has no predefined maximum length. Default to no truncation.
Asking to truncate to max_length but no maximum length is provided and the model has no predefined maximum length. Default to no truncation.
Asking to truncate to max_length but no maximum length is provided and the model has no predefined maximum length. Default to no truncation.
Asking to truncate to max_length but no maximum length is provided and the model has no predefined maximum length. Default to no truncation.
Asking to truncate to max_length but no maximum length is provided and the model has no predefined maximum length. Default to no truncation.
Asking to truncate to max_length but no maximum length is provided and the model has no predefined maximum length. Default to no truncation.
Asking to truncate to max_length but no maximum length is provided and the model has no predefined maximum length. Default to no truncation.
Asking to truncate to max_length but no maximum length is provided and the model has no predefined maximum length. Default to no truncation.
Asking to truncate to max_length but no maximum length is provided and the model has no predefined maximum length. Default to no truncation.
Asking to truncate to max_length but no maximum length is provided and the model has no predefined maximum length. Default to no truncation.
Asking to truncate to max_length but no maximum length is provided and the model has no predefined maximum length. Default to no truncation.
Asking to truncate to max_length but no maximum length is provided and the model has no predefined maximum length. Default to no truncation.
Asking to truncate to max_length but no maximum length is provided and the model has no predefined maximum length. Default to no truncation.
Asking to truncate to max_length but no maximum length is provided and the model has no predefined maximum length. Default to no truncation.
Asking to truncate to max_length but no maximum length is provided and the model has no predefined maximum length. Default to no truncation.
slurmstepd: error: *** JOB 230729 ON selexini-1 CANCELLED AT 2025-11-10T23:08:23 DUE TO TIME LIMIT ***
