bigscience/bloom-1b1
Kept verb forms for language: spa

length of dataset (usually 500 but in this case): 200
Example prompt input: Conjugación del verbo mandonear en presente: Yo mandoneo
Type: <class 'str'>
Example prompt input: Conjugación del verbo mandonear en presente: Tú mandoneas
Type: <class 'str'>
Correct: 99 / 200
Incorrect: 101
✅ Correct prompts:
Conjugación del verbo mandonear en presente: Yo mandone
Conjugación del verbo bypasear en presente: Yo bypase
Conjugación del verbo acumular en presente: Yo acum

❌ Incorrect prompts:
Conjugación del verbo contratacar en presente: Yo contrat
Conjugación del verbo abetunar en presente: Yo abet
Conjugación del verbo desleír en presente: Yo desl
number of prompts saved: 137
Correct: 137 / 200
Incorrect: 63
✅ Correct prompts:
Conjugación del verbo mandonear en presente: Tú mandone
Conjugación del verbo bypasear en presente: Tú bypase
Conjugación del verbo acumular en presente: Tú acum

❌ Incorrect prompts:
Conjugación del verbo contratacar en presente: Tú contrat
Conjugación del verbo abetunar en presente: Tú abet
Conjugación del verbo desleír en presente: Tú desl
Infinitive tokens: 1, Conjugated tokens: 2 --> 10 examples
Infinitive tokens: 2, Conjugated tokens: 2 --> 38 examples
Infinitive tokens: 2, Conjugated tokens: 3 --> 7 examples
Infinitive tokens: 3, Conjugated tokens: 2 --> 2 examples
Infinitive tokens: 3, Conjugated tokens: 3 --> 32 examples
Infinitive tokens: 3, Conjugated tokens: 4 --> 3 examples
Infinitive tokens: 4, Conjugated tokens: 4 --> 6 examples
Infinitive tokens: 4, Conjugated tokens: 5 --> 1 examples
Infinitive tokens: 1, Conjugated tokens: 2 --> 10 examples
Infinitive tokens: 2, Conjugated tokens: 2 --> 38 examples
Infinitive tokens: 2, Conjugated tokens: 3 --> 7 examples
Infinitive tokens: 3, Conjugated tokens: 2 --> 2 examples
Infinitive tokens: 3, Conjugated tokens: 3 --> 32 examples
Infinitive tokens: 3, Conjugated tokens: 4 --> 3 examples
Infinitive tokens: 4, Conjugated tokens: 4 --> 6 examples
Infinitive tokens: 4, Conjugated tokens: 5 --> 1 examples
