Loaded pretrained model bigscience/bloom-1b1 into HookedTransformer
Moving model to device:  cuda
=== Cross-lingual Activation Patching ===
Model: bigscience/bloom-1b1
A (target): spa -> spanish | B (source): por -> portuguese
Slots: X=first singular  Y=second singular
Max verbs: 1300 | Max prompts/head: 50 | Top-K groups: 3
-------------------------------------------------------

[build] portuguese clean (slot=first singular)
[acc-filter] portuguese clean (slot=first singular)
number of verbs conjugated correctly: 69/1292

[build] spanish corrupt (slot=first singular)
[acc-filter] spanish corrupt (slot=first singular)
number of verbs conjugated correctly: 104/1298

[group] source slot=first singular (inf_len, conj_len)
[patch] portuguese_to_spanish__1sgto2sg__inf2_conj2 | n=29
✅ Saved: results/bigscience/bloom-1b1/xling/spanish__from__portuguese/1sgto2sg/shape_inf2_conj2/xling_attn_head_out_all_pos_portuguese_to_spanish__1sgto2sg__inf2_conj2_spanish.png
✅ Saved: results/bigscience/bloom-1b1/xling/spanish__from__portuguese/1sgto2sg/shape_inf2_conj2/xling_attn_head_out_all_pos_portuguese_to_spanish__1sgto2sg__inf2_conj2_spanish.png
✅ Saved: results/bigscience/bloom-1b1/xling/spanish__from__portuguese/1sgto2sg/shape_inf2_conj2/xling_attn_head_out_all_pos_patch_results_portuguese_to_spanish__1sgto2sg__inf2_conj2_spanish.pt
[patch] portuguese_to_spanish__1sgto2sg__inf3_conj3 | n=19
✅ Saved: results/bigscience/bloom-1b1/xling/spanish__from__portuguese/1sgto2sg/shape_inf3_conj3/xling_attn_head_out_all_pos_portuguese_to_spanish__1sgto2sg__inf3_conj3_spanish.png
✅ Saved: results/bigscience/bloom-1b1/xling/spanish__from__portuguese/1sgto2sg/shape_inf3_conj3/xling_attn_head_out_all_pos_portuguese_to_spanish__1sgto2sg__inf3_conj3_spanish.png
✅ Saved: results/bigscience/bloom-1b1/xling/spanish__from__portuguese/1sgto2sg/shape_inf3_conj3/xling_attn_head_out_all_pos_patch_results_portuguese_to_spanish__1sgto2sg__inf3_conj3_spanish.pt
[patch] portuguese_to_spanish__1sgto2sg__inf2_conj3 | n=5
✅ Saved: results/bigscience/bloom-1b1/xling/spanish__from__portuguese/1sgto2sg/shape_inf2_conj3/xling_attn_head_out_all_pos_portuguese_to_spanish__1sgto2sg__inf2_conj3_spanish.png
✅ Saved: results/bigscience/bloom-1b1/xling/spanish__from__portuguese/1sgto2sg/shape_inf2_conj3/xling_attn_head_out_all_pos_portuguese_to_spanish__1sgto2sg__inf2_conj3_spanish.png
✅ Saved: results/bigscience/bloom-1b1/xling/spanish__from__portuguese/1sgto2sg/shape_inf2_conj3/xling_attn_head_out_all_pos_patch_results_portuguese_to_spanish__1sgto2sg__inf2_conj3_spanish.pt

[build] portuguese clean (slot=second singular)
[acc-filter] portuguese clean (slot=second singular)
number of verbs conjugated correctly: 99/1294

[build] spanish corrupt (slot=second singular)
[acc-filter] spanish corrupt (slot=second singular)
number of verbs conjugated correctly: 165/1300

[group] source slot=second singular (inf_len, conj_len)
[patch] portuguese_to_spanish__2sgto1sg__inf3_conj3 | n=33
✅ Saved: results/bigscience/bloom-1b1/xling/spanish__from__portuguese/2sgto1sg/shape_inf3_conj3/xling_attn_head_out_all_pos_portuguese_to_spanish__2sgto1sg__inf3_conj3_spanish.png
✅ Saved: results/bigscience/bloom-1b1/xling/spanish__from__portuguese/2sgto1sg/shape_inf3_conj3/xling_attn_head_out_all_pos_portuguese_to_spanish__2sgto1sg__inf3_conj3_spanish.png
✅ Saved: results/bigscience/bloom-1b1/xling/spanish__from__portuguese/2sgto1sg/shape_inf3_conj3/xling_attn_head_out_all_pos_patch_results_portuguese_to_spanish__2sgto1sg__inf3_conj3_spanish.pt
[patch] portuguese_to_spanish__2sgto1sg__inf4_conj4 | n=1
✅ Saved: results/bigscience/bloom-1b1/xling/spanish__from__portuguese/2sgto1sg/shape_inf4_conj4/xling_attn_head_out_all_pos_portuguese_to_spanish__2sgto1sg__inf4_conj4_spanish.png
✅ Saved: results/bigscience/bloom-1b1/xling/spanish__from__portuguese/2sgto1sg/shape_inf4_conj4/xling_attn_head_out_all_pos_portuguese_to_spanish__2sgto1sg__inf4_conj4_spanish.png
✅ Saved: results/bigscience/bloom-1b1/xling/spanish__from__portuguese/2sgto1sg/shape_inf4_conj4/xling_attn_head_out_all_pos_patch_results_portuguese_to_spanish__2sgto1sg__inf4_conj4_spanish.pt
[patch] portuguese_to_spanish__2sgto1sg__inf3_conj4 | n=1
✅ Saved: results/bigscience/bloom-1b1/xling/spanish__from__portuguese/2sgto1sg/shape_inf3_conj4/xling_attn_head_out_all_pos_portuguese_to_spanish__2sgto1sg__inf3_conj4_spanish.png
✅ Saved: results/bigscience/bloom-1b1/xling/spanish__from__portuguese/2sgto1sg/shape_inf3_conj4/xling_attn_head_out_all_pos_portuguese_to_spanish__2sgto1sg__inf3_conj4_spanish.png
✅ Saved: results/bigscience/bloom-1b1/xling/spanish__from__portuguese/2sgto1sg/shape_inf3_conj4/xling_attn_head_out_all_pos_patch_results_portuguese_to_spanish__2sgto1sg__inf3_conj4_spanish.pt

[build] spanish clean (slot=first singular)
[acc-filter] spanish clean (slot=first singular)
number of verbs conjugated correctly: 104/1298

[build] portuguese corrupt (slot=first singular)
[acc-filter] portuguese corrupt (slot=first singular)
number of verbs conjugated correctly: 69/1292

[group] source slot=first singular (inf_len, conj_len)
[patch] spanish_to_portuguese__1sgto2sg__inf2_conj2 | n=29
✅ Saved: results/bigscience/bloom-1b1/xling/portuguese__from__spanish/1sgto2sg/shape_inf2_conj2/xling_attn_head_out_all_pos_spanish_to_portuguese__1sgto2sg__inf2_conj2_portuguese.png
✅ Saved: results/bigscience/bloom-1b1/xling/portuguese__from__spanish/1sgto2sg/shape_inf2_conj2/xling_attn_head_out_all_pos_spanish_to_portuguese__1sgto2sg__inf2_conj2_portuguese.png
✅ Saved: results/bigscience/bloom-1b1/xling/portuguese__from__spanish/1sgto2sg/shape_inf2_conj2/xling_attn_head_out_all_pos_patch_results_spanish_to_portuguese__1sgto2sg__inf2_conj2_portuguese.pt
[patch] spanish_to_portuguese__1sgto2sg__inf3_conj3 | n=19
✅ Saved: results/bigscience/bloom-1b1/xling/portuguese__from__spanish/1sgto2sg/shape_inf3_conj3/xling_attn_head_out_all_pos_spanish_to_portuguese__1sgto2sg__inf3_conj3_portuguese.png
✅ Saved: results/bigscience/bloom-1b1/xling/portuguese__from__spanish/1sgto2sg/shape_inf3_conj3/xling_attn_head_out_all_pos_spanish_to_portuguese__1sgto2sg__inf3_conj3_portuguese.png
✅ Saved: results/bigscience/bloom-1b1/xling/portuguese__from__spanish/1sgto2sg/shape_inf3_conj3/xling_attn_head_out_all_pos_patch_results_spanish_to_portuguese__1sgto2sg__inf3_conj3_portuguese.pt
[patch] spanish_to_portuguese__1sgto2sg__inf2_conj3 | n=5
✅ Saved: results/bigscience/bloom-1b1/xling/portuguese__from__spanish/1sgto2sg/shape_inf2_conj3/xling_attn_head_out_all_pos_spanish_to_portuguese__1sgto2sg__inf2_conj3_portuguese.png
✅ Saved: results/bigscience/bloom-1b1/xling/portuguese__from__spanish/1sgto2sg/shape_inf2_conj3/xling_attn_head_out_all_pos_spanish_to_portuguese__1sgto2sg__inf2_conj3_portuguese.png
✅ Saved: results/bigscience/bloom-1b1/xling/portuguese__from__spanish/1sgto2sg/shape_inf2_conj3/xling_attn_head_out_all_pos_patch_results_spanish_to_portuguese__1sgto2sg__inf2_conj3_portuguese.pt

[build] spanish clean (slot=second singular)
[acc-filter] spanish clean (slot=second singular)
number of verbs conjugated correctly: 165/1300

[build] portuguese corrupt (slot=second singular)
[acc-filter] portuguese corrupt (slot=second singular)
number of verbs conjugated correctly: 99/1294

[group] source slot=second singular (inf_len, conj_len)
[patch] spanish_to_portuguese__2sgto1sg__inf3_conj3 | n=33
✅ Saved: results/bigscience/bloom-1b1/xling/portuguese__from__spanish/2sgto1sg/shape_inf3_conj3/xling_attn_head_out_all_pos_spanish_to_portuguese__2sgto1sg__inf3_conj3_portuguese.png
✅ Saved: results/bigscience/bloom-1b1/xling/portuguese__from__spanish/2sgto1sg/shape_inf3_conj3/xling_attn_head_out_all_pos_spanish_to_portuguese__2sgto1sg__inf3_conj3_portuguese.png
✅ Saved: results/bigscience/bloom-1b1/xling/portuguese__from__spanish/2sgto1sg/shape_inf3_conj3/xling_attn_head_out_all_pos_patch_results_spanish_to_portuguese__2sgto1sg__inf3_conj3_portuguese.pt
[patch] spanish_to_portuguese__2sgto1sg__inf4_conj4 | n=1
✅ Saved: results/bigscience/bloom-1b1/xling/portuguese__from__spanish/2sgto1sg/shape_inf4_conj4/xling_attn_head_out_all_pos_spanish_to_portuguese__2sgto1sg__inf4_conj4_portuguese.png
✅ Saved: results/bigscience/bloom-1b1/xling/portuguese__from__spanish/2sgto1sg/shape_inf4_conj4/xling_attn_head_out_all_pos_spanish_to_portuguese__2sgto1sg__inf4_conj4_portuguese.png
✅ Saved: results/bigscience/bloom-1b1/xling/portuguese__from__spanish/2sgto1sg/shape_inf4_conj4/xling_attn_head_out_all_pos_patch_results_spanish_to_portuguese__2sgto1sg__inf4_conj4_portuguese.pt
[patch] spanish_to_portuguese__2sgto1sg__inf3_conj4 | n=1
✅ Saved: results/bigscience/bloom-1b1/xling/portuguese__from__spanish/2sgto1sg/shape_inf3_conj4/xling_attn_head_out_all_pos_spanish_to_portuguese__2sgto1sg__inf3_conj4_portuguese.png
✅ Saved: results/bigscience/bloom-1b1/xling/portuguese__from__spanish/2sgto1sg/shape_inf3_conj4/xling_attn_head_out_all_pos_spanish_to_portuguese__2sgto1sg__inf3_conj4_portuguese.png
✅ Saved: results/bigscience/bloom-1b1/xling/portuguese__from__spanish/2sgto1sg/shape_inf3_conj4/xling_attn_head_out_all_pos_patch_results_spanish_to_portuguese__2sgto1sg__inf3_conj4_portuguese.pt
✅ All cross-lingual runs finished.
