✅ Saved: plots/cumulative_positive_spanish.png
✅ Saved: plots/cumulative_negative_spanish.png
✅ Saved: plots/cumulative_positive_italian.png
✅ Saved: plots/cumulative_negative_italian.png
✅ Saved: plots/cumulative_positive_portuguese.png
✅ Saved: plots/cumulative_negative_portuguese.png
✅ Saved: plots/cumulative_positive_catalan.png
✅ Saved: plots/cumulative_negative_catalan.png
✅ Saved: plots/cumulative_positive_english.png
✅ Saved: plots/cumulative_negative_english.png
✅ Saved: plots/cumulative_positive_russian.png
✅ Saved: plots/cumulative_negative_russian.png
✅ Saved: plots/cumulative_positive_french.png
✅ Saved: plots/cumulative_negative_french.png
✅ Saved: plots/cumulative_positive_finnish.png
✅ Saved: plots/cumulative_negative_finnish.png
✅ Saved: plots/cumulative_positive_hungarian.png
✅ Saved: plots/cumulative_negative_hungarian.png
✅ Saved overlay plot: plots/cumulative_overlay_positive.png
✅ Saved overlay plot: plots/cumulative_overlay_negative.png
