Kept verb forms:

Infinitive: talk
  First Person Singular: talk -> ['Ġtalk']
  Second Person Singular: talk -> ['Ġtalk']
----------------------------------------
Infinitive: love
  First Person Singular: love -> ['Ġlove']
  Second Person Singular: love -> ['Ġlove']
----------------------------------------
Infinitive: sing
  First Person Singular: sing -> ['Ġsing']
  Second Person Singular: sing -> ['Ġsing']
----------------------------------------
Infinitive: dance
  First Person Singular: dance -> ['Ġdance']
  Second Person Singular: dance -> ['Ġdance']
----------------------------------------
Infinitive: walk
  First Person Singular: walk -> ['Ġwalk']
  Second Person Singular: walk -> ['Ġwalk']
----------------------------------------
Infinitive: work
  First Person Singular: work -> ['Ġwork']
  Second Person Singular: work -> ['Ġwork']
----------------------------------------
Infinitive: study
  First Person Singular: study -> ['Ġstudy']
  Second Person Singular: study -> ['Ġstudy']
----------------------------------------
Infinitive: listen
  First Person Singular: listen -> ['Ġlisten']
  Second Person Singular: listen -> ['Ġlisten']
----------------------------------------
Infinitive: travel
  First Person Singular: travel -> ['Ġtravel']
  Second Person Singular: travel -> ['Ġtravel']
----------------------------------------
Infinitive: cook
  First Person Singular: cook -> ['Ġcook']
  Second Person Singular: cook -> ['Ġcook']
----------------------------------------
Infinitive: buy
  First Person Singular: buy -> ['Ġbuy']
  Second Person Singular: buy -> ['Ġbuy']
----------------------------------------
Infinitive: swim
  First Person Singular: swim -> ['Ġswim']
  Second Person Singular: swim -> ['Ġswim']
----------------------------------------
Infinitive: search
  First Person Singular: search -> ['Ġsearch']
  Second Person Singular: search -> ['Ġsearch']
----------------------------------------
Infinitive: need
  First Person Singular: need -> ['Ġneed']
  Second Person Singular: need -> ['Ġneed']
----------------------------------------
Infinitive: carry
  First Person Singular: carry -> ['Ġcarry']
  Second Person Singular: carry -> ['Ġcarry']
----------------------------------------
Infinitive: visit
  First Person Singular: visit -> ['Ġvisit']
  Second Person Singular: visit -> ['Ġvisit']
----------------------------------------
Infinitive: forget
  First Person Singular: forget -> ['Ġforget']
  Second Person Singular: forget -> ['Ġforget']
----------------------------------------
Infinitive: ask
  First Person Singular: ask -> ['Ġask']
  Second Person Singular: ask -> ['Ġask']
----------------------------------------
Infinitive: answer
  First Person Singular: answer -> ['Ġanswer']
  Second Person Singular: answer -> ['Ġanswer']
----------------------------------------
Infinitive: finish
  First Person Singular: finish -> ['Ġfinish']
  Second Person Singular: finish -> ['Ġfinish']
----------------------------------------
Infinitive: start
  First Person Singular: start -> ['Ġstart']
  Second Person Singular: start -> ['Ġstart']
----------------------------------------
Infinitive: wait
  First Person Singular: wait -> ['Ġwait']
  Second Person Singular: wait -> ['Ġwait']
----------------------------------------
Infinitive: arrive
  First Person Singular: arrive -> ['Ġarrive']
  Second Person Singular: arrive -> ['Ġarrive']
----------------------------------------
Infinitive: rest
  First Person Singular: rest -> ['Ġrest']
  Second Person Singular: rest -> ['Ġrest']
----------------------------------------
Infinitive: clean
  First Person Singular: clean -> ['Ġclean']
  Second Person Singular: clean -> ['Ġclean']
----------------------------------------
Infinitive: wash
  First Person Singular: wash -> ['Ġwash']
  Second Person Singular: wash -> ['Ġwash']
----------------------------------------
Infinitive: play
  First Person Singular: play -> ['Ġplay']
  Second Person Singular: play -> ['Ġplay']
----------------------------------------
Infinitive: jump
  First Person Singular: jump -> ['Ġjump']
  Second Person Singular: jump -> ['Ġjump']
----------------------------------------
Infinitive: look
  First Person Singular: look -> ['Ġlook']
  Second Person Singular: look -> ['Ġlook']
----------------------------------------
Infinitive: enter
  First Person Singular: enter -> ['Ġenter']
  Second Person Singular: enter -> ['Ġenter']
----------------------------------------
Infinitive: pay
  First Person Singular: pay -> ['Ġpay']
  Second Person Singular: pay -> ['Ġpay']
----------------------------------------
Infinitive: call
  First Person Singular: call -> ['Ġcall']
  Second Person Singular: call -> ['Ġcall']
----------------------------------------
Infinitive: ride
  First Person Singular: ride -> ['Ġride']
  Second Person Singular: ride -> ['Ġride']
----------------------------------------
Infinitive: return
  First Person Singular: return -> ['Ġreturn']
  Second Person Singular: return -> ['Ġreturn']
----------------------------------------
Infinitive: repair
  First Person Singular: repair -> ['Ġrepair']
  Second Person Singular: repair -> ['Ġrepair']
----------------------------------------
Infinitive: greet
  First Person Singular: greet -> ['Ġgre', 'et']
  Second Person Singular: greet -> ['Ġgre', 'et']
----------------------------------------
Infinitive: prepare
  First Person Singular: prepare -> ['Ġprepare']
  Second Person Singular: prepare -> ['Ġprepare']
----------------------------------------
Infinitive: win
  First Person Singular: win -> ['Ġwin']
  Second Person Singular: win -> ['Ġwin']
----------------------------------------
Infinitive: spend
  First Person Singular: spend -> ['Ġspend']
  Second Person Singular: spend -> ['Ġspend']
----------------------------------------
Infinitive: care
  First Person Singular: care -> ['Ġcare']
  Second Person Singular: care -> ['Ġcare']
----------------------------------------
Infinitive: draw
  First Person Singular: draw -> ['Ġdraw']
  Second Person Singular: draw -> ['Ġdraw']
----------------------------------------
Infinitive: paint
  First Person Singular: paint -> ['Ġpaint']
  Second Person Singular: paint -> ['Ġpaint']
----------------------------------------
Infinitive: order
  First Person Singular: order -> ['Ġorder']
  Second Person Singular: order -> ['Ġorder']
----------------------------------------
Infinitive: organize
  First Person Singular: organize -> ['Ġorganize']
  Second Person Singular: organize -> ['Ġorganize']
----------------------------------------
Infinitive: use
  First Person Singular: use -> ['Ġuse']
  Second Person Singular: use -> ['Ġuse']
----------------------------------------
Infinitive: erase
  First Person Singular: erase -> ['Ġerase']
  Second Person Singular: erase -> ['Ġerase']
----------------------------------------
Infinitive: lend
  First Person Singular: lend -> ['Ġlend']
  Second Person Singular: lend -> ['Ġlend']
----------------------------------------
Infinitive: throw
  First Person Singular: throw -> ['Ġthrow']
  Second Person Singular: throw -> ['Ġthrow']
----------------------------------------
Infinitive: save
  First Person Singular: save -> ['Ġsave']
  Second Person Singular: save -> ['Ġsave']
----------------------------------------
Infinitive: touch
  First Person Singular: touch -> ['Ġtouch']
  Second Person Singular: touch -> ['Ġtouch']
----------------------------------------
Infinitive: fix
  First Person Singular: fix -> ['Ġfix']
  Second Person Singular: fix -> ['Ġfix']
----------------------------------------
Infinitive: pass
  First Person Singular: pass -> ['Ġpass']
  Second Person Singular: pass -> ['Ġpass']
----------------------------------------
Infinitive: support
  First Person Singular: support -> ['Ġsupport']
  Second Person Singular: support -> ['Ġsupport']
----------------------------------------
Infinitive: shout
  First Person Singular: shout -> ['Ġshout']
  Second Person Singular: shout -> ['Ġshout']
----------------------------------------
Infinitive: improve
  First Person Singular: improve -> ['Ġimprove']
  Second Person Singular: improve -> ['Ġimprove']
----------------------------------------
Infinitive: try
  First Person Singular: try -> ['Ġtry']
  Second Person Singular: try -> ['Ġtry']
----------------------------------------
Infinitive: breathe
  First Person Singular: breathe -> ['Ġbreathe']
  Second Person Singular: breathe -> ['Ġbreathe']
----------------------------------------
Infinitive: express
  First Person Singular: express -> ['Ġexpress']
  Second Person Singular: express -> ['Ġexpress']
----------------------------------------
Infinitive: deliver
  First Person Singular: deliver -> ['Ġdeliver']
  Second Person Singular: deliver -> ['Ġdeliver']
----------------------------------------
Infinitive: sign
  First Person Singular: sign -> ['Ġsign']
  Second Person Singular: sign -> ['Ġsign']
----------------------------------------
Infinitive: invite
  First Person Singular: invite -> ['Ġinvite']
  Second Person Singular: invite -> ['Ġinvite']
----------------------------------------
Infinitive: participate
  First Person Singular: participate -> ['Ġparticipate']
  Second Person Singular: participate -> ['Ġparticipate']
----------------------------------------
Infinitive: present
  First Person Singular: present -> ['Ġpresent']
  Second Person Singular: present -> ['Ġpresent']
----------------------------------------
Infinitive: recommend
  First Person Singular: recommend -> ['Ġrecommend']
  Second Person Singular: recommend -> ['Ġrecommend']
----------------------------------------
Infinitive: register
  First Person Singular: register -> ['Ġregister']
  Second Person Singular: register -> ['Ġregister']
----------------------------------------
Infinitive: relax
  First Person Singular: relax -> ['Ġrelax']
  Second Person Singular: relax -> ['Ġrelax']
----------------------------------------
Infinitive: take
  First Person Singular: take -> ['Ġtake']
  Second Person Singular: take -> ['Ġtake']
----------------------------------------
Infinitive: point
  First Person Singular: point -> ['Ġpoint']
  Second Person Singular: point -> ['Ġpoint']
----------------------------------------
Infinitive: select
  First Person Singular: select -> ['Ġselect']
  Second Person Singular: select -> ['Ġselect']
----------------------------------------
Infinitive: separate
  First Person Singular: separate -> ['Ġseparate']
  Second Person Singular: separate -> ['Ġseparate']
----------------------------------------
Infinitive: solve
  First Person Singular: solve -> ['Ġsolve']
  Second Person Singular: solve -> ['Ġsolve']
----------------------------------------
Infinitive: treat
  First Person Singular: treat -> ['Ġtreat']
  Second Person Singular: treat -> ['Ġtreat']
----------------------------------------
Infinitive: vote
  First Person Singular: vote -> ['Ġvote']
  Second Person Singular: vote -> ['Ġvote']
----------------------------------------
Infinitive: admire
  First Person Singular: admire -> ['Ġadmire']
  Second Person Singular: admire -> ['Ġadmire']
----------------------------------------
Infinitive: adopt
  First Person Singular: adopt -> ['Ġadopt']
  Second Person Singular: adopt -> ['Ġadopt']
----------------------------------------
Infinitive: advance
  First Person Singular: advance -> ['Ġadvance']
  Second Person Singular: advance -> ['Ġadvance']
----------------------------------------
Infinitive: cancel
  First Person Singular: cancel -> ['Ġcancel']
  Second Person Singular: cancel -> ['Ġcancel']
----------------------------------------
Infinitive: celebrate
  First Person Singular: celebrate -> ['Ġcelebrate']
  Second Person Singular: celebrate -> ['Ġcelebrate']
----------------------------------------
Infinitive: comment
  First Person Singular: comment -> ['Ġcomment']
  Second Person Singular: comment -> ['Ġcomment']
----------------------------------------
Infinitive: complete
  First Person Singular: complete -> ['Ġcomplete']
  Second Person Singular: complete -> ['Ġcomplete']
----------------------------------------
Infinitive: control
  First Person Singular: control -> ['Ġcontrol']
  Second Person Singular: control -> ['Ġcontrol']
----------------------------------------
Infinitive: chat
  First Person Singular: chat -> ['Ġchat']
  Second Person Singular: chat -> ['Ġchat']
----------------------------------------
Infinitive: cultivate
  First Person Singular: cultivate -> ['Ġcultivate']
  Second Person Singular: cultivate -> ['Ġcultivate']
----------------------------------------
Infinitive: develop
  First Person Singular: develop -> ['Ġdevelop']
  Second Person Singular: develop -> ['Ġdevelop']
----------------------------------------
Infinitive: enjoy
  First Person Singular: enjoy -> ['Ġenjoy']
  Second Person Singular: enjoy -> ['Ġenjoy']
----------------------------------------
Infinitive: last
  First Person Singular: last -> ['Ġlast']
  Second Person Singular: last -> ['Ġlast']
----------------------------------------
Infinitive: educate
  First Person Singular: educate -> ['Ġeduc', 'ate']
  Second Person Singular: educate -> ['Ġeduc', 'ate']
----------------------------------------
Infinitive: eliminate
  First Person Singular: eliminate -> ['Ġeliminate']
  Second Person Singular: eliminate -> ['Ġeliminate']
----------------------------------------
Infinitive: delight
  First Person Singular: delight -> ['Ġdelight']
  Second Person Singular: delight -> ['Ġdelight']
----------------------------------------
Infinitive: explain
  First Person Singular: explain -> ['Ġexplain']
  Second Person Singular: explain -> ['Ġexplain']
----------------------------------------
Infinitive: explore
  First Person Singular: explore -> ['Ġexplore']
  Second Person Singular: explore -> ['Ġexplore']
----------------------------------------
Infinitive: manufacture
  First Person Singular: manufacture -> ['Ġmanufacture']
  Second Person Singular: manufacture -> ['Ġmanufacture']
----------------------------------------
Infinitive: generate
  First Person Singular: generate -> ['Ġgenerate']
  Second Person Singular: generate -> ['Ġgenerate']
----------------------------------------
Infinitive: imagine
  First Person Singular: imagine -> ['Ġimagine']
  Second Person Singular: imagine -> ['Ġimagine']
----------------------------------------
Infinitive: matter
  First Person Singular: matter -> ['Ġmatter']
  Second Person Singular: matter -> ['Ġmatter']
----------------------------------------
Infinitive: indicate
  First Person Singular: indicate -> ['Ġindicate']
  Second Person Singular: indicate -> ['Ġindicate']
----------------------------------------
Infinitive: inform
  First Person Singular: inform -> ['Ġinform']
  Second Person Singular: inform -> ['Ġinform']
----------------------------------------
Infinitive: interest
  First Person Singular: interest -> ['Ġinterest']
  Second Person Singular: interest -> ['Ġinterest']
----------------------------------------
Infinitive: raise
  First Person Singular: raise -> ['Ġraise']
  Second Person Singular: raise -> ['Ġraise']
----------------------------------------
Infinitive: mention
  First Person Singular: mention -> ['Ġmention']
  Second Person Singular: mention -> ['Ġmention']
----------------------------------------
Infinitive: occupy
  First Person Singular: occupy -> ['Ġoccupy']
  Second Person Singular: occupy -> ['Ġoccupy']
----------------------------------------
Infinitive: operate
  First Person Singular: operate -> ['Ġoperate']
  Second Person Singular: operate -> ['Ġoperate']
----------------------------------------
Infinitive: practice
  First Person Singular: practice -> ['Ġpractice']
  Second Person Singular: practice -> ['Ġpractice']
----------------------------------------
Infinitive: cause
  First Person Singular: cause -> ['Ġcause']
  Second Person Singular: cause -> ['Ġcause']
----------------------------------------
Infinitive: publish
  First Person Singular: publish -> ['Ġpublish']
  Second Person Singular: publish -> ['Ġpublish']
----------------------------------------
Infinitive: react
  First Person Singular: react -> ['Ġreact']
  Second Person Singular: react -> ['Ġreact']
----------------------------------------
Infinitive: recycle
  First Person Singular: recycle -> ['Ġrec', 'ycle']
  Second Person Singular: recycle -> ['Ġrec', 'ycle']
----------------------------------------
Infinitive: recover
  First Person Singular: recover -> ['Ġrecover']
  Second Person Singular: recover -> ['Ġrecover']
----------------------------------------
Infinitive: respect
  First Person Singular: respect -> ['Ġrespect']
  Second Person Singular: respect -> ['Ġrespect']
----------------------------------------
Infinitive: result
  First Person Singular: result -> ['Ġresult']
  Second Person Singular: result -> ['Ġresult']
----------------------------------------
Infinitive: reveal
  First Person Singular: reveal -> ['Ġreveal']
  Second Person Singular: reveal -> ['Ġreveal']
----------------------------------------
Infinitive: plant
  First Person Singular: plant -> ['Ġplant']
  Second Person Singular: plant -> ['Ġplant']
----------------------------------------
Infinitive: mean
  First Person Singular: mean -> ['Ġmean']
  Second Person Singular: mean -> ['Ġmean']
----------------------------------------
Infinitive: add
  First Person Singular: add -> ['Ġadd']
  Second Person Singular: add -> ['Ġadd']
----------------------------------------
Infinitive: transport
  First Person Singular: transport -> ['Ġtransport']
  Second Person Singular: transport -> ['Ġtransport']
----------------------------------------
Infinitive: verify
  First Person Singular: verify -> ['Ġverify']
  Second Person Singular: verify -> ['Ġverify']
----------------------------------------
Infinitive: eat
  First Person Singular: eat -> ['Ġeat']
  Second Person Singular: eat -> ['Ġeat']
----------------------------------------
Infinitive: drink
  First Person Singular: drink -> ['Ġdrink']
  Second Person Singular: drink -> ['Ġdrink']
----------------------------------------
Infinitive: run
  First Person Singular: run -> ['Ġrun']
  Second Person Singular: run -> ['Ġrun']
----------------------------------------
Infinitive: read
  First Person Singular: read -> ['Ġread']
  Second Person Singular: read -> ['Ġread']
----------------------------------------
Infinitive: learn
  First Person Singular: learn -> ['Ġlearn']
  Second Person Singular: learn -> ['Ġlearn']
----------------------------------------
Infinitive: sell
  First Person Singular: sell -> ['Ġsell']
  Second Person Singular: sell -> ['Ġsell']
----------------------------------------
Infinitive: understand
  First Person Singular: understand -> ['Ġunderstand']
  Second Person Singular: understand -> ['Ġunderstand']
----------------------------------------
Infinitive: believe
  First Person Singular: believe -> ['Ġbelieve']
  Second Person Singular: believe -> ['Ġbelieve']
----------------------------------------
Infinitive: respond
  First Person Singular: respond -> ['Ġrespond']
  Second Person Singular: respond -> ['Ġrespond']
----------------------------------------
Infinitive: break
  First Person Singular: break -> ['Ġbreak']
  Second Person Singular: break -> ['Ġbreak']
----------------------------------------
Infinitive: hide
  First Person Singular: hide -> ['Ġhide']
  Second Person Singular: hide -> ['Ġhide']
----------------------------------------
Infinitive: fear
  First Person Singular: fear -> ['Ġfear']
  Second Person Singular: fear -> ['Ġfear']
----------------------------------------
Infinitive: depend
  First Person Singular: depend -> ['Ġdepend']
  Second Person Singular: depend -> ['Ġdepend']
----------------------------------------
Infinitive: surprise
  First Person Singular: surprise -> ['Ġsurprise']
  Second Person Singular: surprise -> ['Ġsurprise']
----------------------------------------
Infinitive: put in
  First Person Singular: put in -> ['Ġput', 'Ġin']
  Second Person Singular: put in -> ['Ġput', 'Ġin']
----------------------------------------
Infinitive: commit
  First Person Singular: commit -> ['Ġcommit']
  Second Person Singular: commit -> ['Ġcommit']
----------------------------------------
Infinitive: turn on
  First Person Singular: turn on -> ['Ġturn', 'Ġon']
  Second Person Singular: turn on -> ['Ġturn', 'Ġon']
----------------------------------------
Infinitive: proceed
  First Person Singular: proceed -> ['Ġproceed']
  Second Person Singular: proceed -> ['Ġproceed']
----------------------------------------
Infinitive: promise
  First Person Singular: promise -> ['Ġpromise']
  Second Person Singular: promise -> ['Ġpromise']
----------------------------------------
Infinitive: cough
  First Person Singular: cough -> ['Ġcough']
  Second Person Singular: cough -> ['Ġcough']
----------------------------------------
Infinitive: sew
  First Person Singular: sew -> ['Ġsew']
  Second Person Singular: sew -> ['Ġsew']
----------------------------------------
Infinitive: sweep
  First Person Singular: sweep -> ['Ġsweep']
  Second Person Singular: sweep -> ['Ġsweep']
----------------------------------------
Infinitive: yield
  First Person Singular: yield -> ['Ġyield']
  Second Person Singular: yield -> ['Ġyield']
----------------------------------------
Infinitive: access
  First Person Singular: access -> ['Ġaccess']
  Second Person Singular: access -> ['Ġaccess']
----------------------------------------
Infinitive: own
  First Person Singular: own -> ['Ġown']
  Second Person Singular: own -> ['Ġown']
----------------------------------------
Infinitive: owe
  First Person Singular: owe -> ['Ġowe']
  Second Person Singular: owe -> ['Ġowe']
----------------------------------------
Infinitive: knit
  First Person Singular: knit -> ['Ġkn', 'it']
  Second Person Singular: knit -> ['Ġkn', 'it']
----------------------------------------
Infinitive: pick up
  First Person Singular: pick up -> ['Ġpick', 'Ġup']
  Second Person Singular: pick up -> ['Ġpick', 'Ġup']
----------------------------------------
Infinitive: protect
  First Person Singular: protect -> ['Ġprotect']
  Second Person Singular: protect -> ['Ġprotect']
----------------------------------------
Infinitive: choose
  First Person Singular: choose -> ['Ġchoose']
  Second Person Singular: choose -> ['Ġchoose']
----------------------------------------
Infinitive: turn on
  First Person Singular: turn on -> ['Ġturn', 'Ġon']
  Second Person Singular: turn on -> ['Ġturn', 'Ġon']
----------------------------------------
Infinitive: lose
  First Person Singular: lose -> ['Ġlose']
  Second Person Singular: lose -> ['Ġlose']
----------------------------------------
Infinitive: stay
  First Person Singular: stay -> ['Ġstay']
  Second Person Singular: stay -> ['Ġstay']
----------------------------------------
Infinitive: favor
  First Person Singular: favor -> ['Ġfavor']
  Second Person Singular: favor -> ['Ġfavor']
----------------------------------------
Infinitive: deserve
  First Person Singular: deserve -> ['Ġdeserve']
  Second Person Singular: deserve -> ['Ġdeserve']
----------------------------------------
Infinitive: obey
  First Person Singular: obey -> ['Ġobey']
  Second Person Singular: obey -> ['Ġobey']
----------------------------------------
Infinitive: offer
  First Person Singular: offer -> ['Ġoffer']
  Second Person Singular: offer -> ['Ġoffer']
----------------------------------------
Infinitive: appear
  First Person Singular: appear -> ['Ġappear']
  Second Person Singular: appear -> ['Ġappear']
----------------------------------------
Infinitive: disappear
  First Person Singular: disappear -> ['Ġdisappear']
  Second Person Singular: disappear -> ['Ġdisappear']
----------------------------------------
Infinitive: recognize
  First Person Singular: recognize -> ['Ġrecognize']
  Second Person Singular: recognize -> ['Ġrecognize']
----------------------------------------
Infinitive: establish
  First Person Singular: establish -> ['Ġestablish']
  Second Person Singular: establish -> ['Ġestablish']
----------------------------------------
Infinitive: happen
  First Person Singular: happen -> ['Ġhappen']
  Second Person Singular: happen -> ['Ġhappen']
----------------------------------------
Infinitive: pretend
  First Person Singular: pretend -> ['Ġpretend']
  Second Person Singular: pretend -> ['Ġpretend']
----------------------------------------
Infinitive: rain
  First Person Singular: rain -> ['Ġrain']
  Second Person Singular: rain -> ['Ġrain']
----------------------------------------
Infinitive: bloom
  First Person Singular: bloom -> ['Ġbloom']
  Second Person Singular: bloom -> ['Ġbloom']
----------------------------------------
Infinitive: belong
  First Person Singular: belong -> ['Ġbelong']
  Second Person Singular: belong -> ['Ġbelong']
----------------------------------------
Infinitive: exercise
  First Person Singular: exercise -> ['Ġexercise']
  Second Person Singular: exercise -> ['Ġexercise']
----------------------------------------
Infinitive: thank
  First Person Singular: thank -> ['Ġthank']
  Second Person Singular: thank -> ['Ġthank']
----------------------------------------
Infinitive: grow
  First Person Singular: grow -> ['Ġgrow']
  Second Person Singular: grow -> ['Ġgrow']
----------------------------------------
Infinitive: exceed
  First Person Singular: exceed -> ['Ġexceed']
  Second Person Singular: exceed -> ['Ġexceed']
----------------------------------------
Infinitive: resolve
  First Person Singular: resolve -> ['Ġresolve']
  Second Person Singular: resolve -> ['Ġresolve']
----------------------------------------
Infinitive: return
  First Person Singular: return -> ['Ġreturn']
  Second Person Singular: return -> ['Ġreturn']
----------------------------------------
Infinitive: wrap
  First Person Singular: wrap -> ['Ġwrap']
  Second Person Singular: wrap -> ['Ġwrap']
----------------------------------------
Infinitive: absorb
  First Person Singular: absorb -> ['Ġabsorb']
  Second Person Singular: absorb -> ['Ġabsorb']
----------------------------------------
Infinitive: defeat
  First Person Singular: defeat -> ['Ġdefeat']
  Second Person Singular: defeat -> ['Ġdefeat']
----------------------------------------
Infinitive: convince
  First Person Singular: convince -> ['Ġconvince']
  Second Person Singular: convince -> ['Ġconvince']
----------------------------------------
Infinitive: twist
  First Person Singular: twist -> ['Ġtwist']
  Second Person Singular: twist -> ['Ġtwist']
----------------------------------------
Infinitive: emerge
  First Person Singular: emerge -> ['Ġemerge']
  Second Person Singular: emerge -> ['Ġemerge']
----------------------------------------
Infinitive: converge
  First Person Singular: converge -> ['Ġconverge']
  Second Person Singular: converge -> ['Ġconverge']
----------------------------------------
Infinitive: burn
  First Person Singular: burn -> ['Ġburn']
  Second Person Singular: burn -> ['Ġburn']
----------------------------------------
Infinitive: die
  First Person Singular: die -> ['Ġdie']
  Second Person Singular: die -> ['Ġdie']
----------------------------------------
Infinitive: be reborn
  First Person Singular: be reborn -> ['Ġbe', 'Ġreb', 'orn']
  Second Person Singular: be reborn -> ['Ġbe', 'Ġreb', 'orn']
----------------------------------------
Infinitive: shake
  First Person Singular: shake -> ['Ġshake']
  Second Person Singular: shake -> ['Ġshake']
----------------------------------------
Infinitive: scold
  First Person Singular: scold -> ['Ġscol', 'd']
  Second Person Singular: scold -> ['Ġscol', 'd']
----------------------------------------
Infinitive: go through
  First Person Singular: go through -> ['Ġgo', 'Ġthrough']
  Second Person Singular: go through -> ['Ġgo', 'Ġthrough']
----------------------------------------
Infinitive: undertake
  First Person Singular: undertake -> ['Ġundertake']
  Second Person Singular: undertake -> ['Ġundertake']
----------------------------------------
Infinitive: hurt
  First Person Singular: hurt -> ['Ġhurt']
  Second Person Singular: hurt -> ['Ġhurt']
----------------------------------------
Infinitive: ascend
  First Person Singular: ascend -> ['Ġascend']
  Second Person Singular: ascend -> ['Ġascend']
----------------------------------------
Infinitive: descend
  First Person Singular: descend -> ['Ġdescend']
  Second Person Singular: descend -> ['Ġdescend']
----------------------------------------
Infinitive: dissolve
  First Person Singular: dissolve -> ['Ġdissol', 've']
  Second Person Singular: dissolve -> ['Ġdissol', 've']
----------------------------------------
Infinitive: expose
  First Person Singular: expose -> ['Ġexpose']
  Second Person Singular: expose -> ['Ġexpose']
----------------------------------------
Infinitive: impose
  First Person Singular: impose -> ['Ġimpose']
  Second Person Singular: impose -> ['Ġimpose']
----------------------------------------
Infinitive: suppose
  First Person Singular: suppose -> ['Ġsuppose']
  Second Person Singular: suppose -> ['Ġsuppose']
----------------------------------------
Infinitive: oppose
  First Person Singular: oppose -> ['Ġoppose']
  Second Person Singular: oppose -> ['Ġoppose']
----------------------------------------
Infinitive: compose
  First Person Singular: compose -> ['Ġcompose']
  Second Person Singular: compose -> ['Ġcompose']
----------------------------------------
Infinitive: arrange
  First Person Singular: arrange -> ['Ġarrange']
  Second Person Singular: arrange -> ['Ġarrange']
----------------------------------------
Infinitive: entertain
  First Person Singular: entertain -> ['Ġenter', 'tain']
  Second Person Singular: entertain -> ['Ġenter', 'tain']
----------------------------------------
Infinitive: contain
  First Person Singular: contain -> ['Ġcontain']
  Second Person Singular: contain -> ['Ġcontain']
----------------------------------------
Infinitive: retain
  First Person Singular: retain -> ['Ġretain']
  Second Person Singular: retain -> ['Ġretain']
----------------------------------------
Infinitive: support
  First Person Singular: support -> ['Ġsupport']
  Second Person Singular: support -> ['Ġsupport']
----------------------------------------
Infinitive: maintain
  First Person Singular: maintain -> ['Ġmaintain']
  Second Person Singular: maintain -> ['Ġmaintain']
----------------------------------------
Infinitive: obtain
  First Person Singular: obtain -> ['Ġobtain']
  Second Person Singular: obtain -> ['Ġobtain']
----------------------------------------
Infinitive: detain
  First Person Singular: detain -> ['Ġde', 'tain']
  Second Person Singular: detain -> ['Ġde', 'tain']
----------------------------------------
Infinitive: be worth
  First Person Singular: be worth -> ['Ġbe', 'Ġworth']
  Second Person Singular: be worth -> ['Ġbe', 'Ġworth']
----------------------------------------
Infinitive: fit
  First Person Singular: fit -> ['Ġfit']
  Second Person Singular: fit -> ['Ġfit']
----------------------------------------
Infinitive: see
  First Person Singular: see -> ['Ġsee']
  Second Person Singular: see -> ['Ġsee']
----------------------------------------
Infinitive: be
  First Person Singular: be -> ['Ġbe']
  Second Person Singular: be -> ['Ġbe']
----------------------------------------
Infinitive: tend
  First Person Singular: tend -> ['Ġtend']
  Second Person Singular: tend -> ['Ġtend']
----------------------------------------
Infinitive: suspend
  First Person Singular: suspend -> ['Ġsuspend']
  Second Person Singular: suspend -> ['Ġsuspend']
----------------------------------------
Infinitive: detach
  First Person Singular: detach -> ['Ġdet', 'ach']
  Second Person Singular: detach -> ['Ġdet', 'ach']
----------------------------------------
Infinitive: grind
  First Person Singular: grind -> ['Ġgr', 'ind']
  Second Person Singular: grind -> ['Ġgr', 'ind']
----------------------------------------
Infinitive: exercise
  First Person Singular: exercise -> ['Ġexercise']
  Second Person Singular: exercise -> ['Ġexercise']
----------------------------------------
Infinitive: rock
  First Person Singular: rock -> ['Ġrock']
  Second Person Singular: rock -> ['Ġrock']
----------------------------------------
Infinitive: sweep
  First Person Singular: sweep -> ['Ġsweep']
  Second Person Singular: sweep -> ['Ġsweep']
----------------------------------------
Infinitive: corrupt
  First Person Singular: corrupt -> ['Ġcorrupt']
  Second Person Singular: corrupt -> ['Ġcorrupt']
----------------------------------------
Infinitive: fear
  First Person Singular: fear -> ['Ġfear']
  Second Person Singular: fear -> ['Ġfear']
----------------------------------------
Infinitive: promote
  First Person Singular: promote -> ['Ġpromote']
  Second Person Singular: promote -> ['Ġpromote']
----------------------------------------
Infinitive: relapse
  First Person Singular: relapse -> ['Ġrel', 'apse']
  Second Person Singular: relapse -> ['Ġrel', 'apse']
----------------------------------------
Infinitive: proceed
  First Person Singular: proceed -> ['Ġproceed']
  Second Person Singular: proceed -> ['Ġproceed']
----------------------------------------
Infinitive: forewarn
  First Person Singular: forewarn -> ['Ġfor', 'ew', 'arn']
  Second Person Singular: forewarn -> ['Ġfor', 'ew', 'arn']
----------------------------------------
Infinitive: help
  First Person Singular: help -> ['Ġhelp']
  Second Person Singular: help -> ['Ġhelp']
----------------------------------------
Infinitive: prevail
  First Person Singular: prevail -> ['Ġpre', 'vail']
  Second Person Singular: prevail -> ['Ġpre', 'vail']
----------------------------------------
Infinitive: commit
  First Person Singular: commit -> ['Ġcommit']
  Second Person Singular: commit -> ['Ġcommit']
----------------------------------------
Infinitive: be reborn
  First Person Singular: be reborn -> ['Ġbe', 'Ġreb', 'orn']
  Second Person Singular: be reborn -> ['Ġbe', 'Ġreb', 'orn']
----------------------------------------
Infinitive: boil
  First Person Singular: boil -> ['Ġboil']
  Second Person Singular: boil -> ['Ġboil']
----------------------------------------
Infinitive: grant
  First Person Singular: grant -> ['Ġgrant']
  Second Person Singular: grant -> ['Ġgrant']
----------------------------------------
Infinitive: intercede
  First Person Singular: intercede -> ['Ġinterc', 'ede']
  Second Person Singular: intercede -> ['Ġinterc', 'ede']
----------------------------------------
Infinitive: depend
  First Person Singular: depend -> ['Ġdepend']
  Second Person Singular: depend -> ['Ġdepend']
----------------------------------------
Infinitive: exceed
  First Person Singular: exceed -> ['Ġexceed']
  Second Person Singular: exceed -> ['Ġexceed']
----------------------------------------
Infinitive: foresee
  First Person Singular: foresee -> ['Ġforese', 'e']
  Second Person Singular: foresee -> ['Ġforese', 'e']
----------------------------------------
Infinitive: happen
  First Person Singular: happen -> ['Ġhappen']
  Second Person Singular: happen -> ['Ġhappen']
----------------------------------------
Infinitive: charge
  First Person Singular: charge -> ['Ġcharge']
  Second Person Singular: charge -> ['Ġcharge']
----------------------------------------
Infinitive: suffer
  First Person Singular: suffer -> ['Ġsuffer']
  Second Person Singular: suffer -> ['Ġsuffer']
----------------------------------------
Infinitive: shake
  First Person Singular: shake -> ['Ġshake']
  Second Person Singular: shake -> ['Ġshake']
----------------------------------------
Infinitive: overcome
  First Person Singular: overcome -> ['Ġovercome']
  Second Person Singular: overcome -> ['Ġovercome']
----------------------------------------
Infinitive: repel
  First Person Singular: repel -> ['Ġrepel']
  Second Person Singular: repel -> ['Ġrepel']
----------------------------------------
Infinitive: extend
  First Person Singular: extend -> ['Ġextend']
  Second Person Singular: extend -> ['Ġextend']
----------------------------------------
Infinitive: lack
  First Person Singular: lack -> ['Ġlack']
  Second Person Singular: lack -> ['Ġlack']
----------------------------------------
Infinitive: live
  First Person Singular: live -> ['Ġlive']
  Second Person Singular: live -> ['Ġlive']
----------------------------------------
Infinitive: write
  First Person Singular: write -> ['Ġwrite']
  Second Person Singular: write -> ['Ġwrite']
----------------------------------------
Infinitive: open
  First Person Singular: open -> ['Ġopen']
  Second Person Singular: open -> ['Ġopen']
----------------------------------------
Infinitive: decide
  First Person Singular: decide -> ['Ġdecide']
  Second Person Singular: decide -> ['Ġdecide']
----------------------------------------
Infinitive: receive
  First Person Singular: receive -> ['Ġreceive']
  Second Person Singular: receive -> ['Ġreceive']
----------------------------------------
Infinitive: rise
  First Person Singular: rise -> ['Ġrise']
  Second Person Singular: rise -> ['Ġrise']
----------------------------------------
Infinitive: allow
  First Person Singular: allow -> ['Ġallow']
  Second Person Singular: allow -> ['Ġallow']
----------------------------------------
Infinitive: admit
  First Person Singular: admit -> ['Ġadmit']
  Second Person Singular: admit -> ['Ġadmit']
----------------------------------------
Infinitive: attend
  First Person Singular: attend -> ['Ġattend']
  Second Person Singular: attend -> ['Ġattend']
----------------------------------------
Infinitive: describe
  First Person Singular: describe -> ['Ġdescribe']
  Second Person Singular: describe -> ['Ġdescribe']
----------------------------------------
Infinitive: discuss
  First Person Singular: discuss -> ['Ġdiscuss']
  Second Person Singular: discuss -> ['Ġdiscuss']
----------------------------------------
Infinitive: cover
  First Person Singular: cover -> ['Ġcover']
  Second Person Singular: cover -> ['Ġcover']
----------------------------------------
Infinitive: share
  First Person Singular: share -> ['Ġshare']
  Second Person Singular: share -> ['Ġshare']
----------------------------------------
Infinitive: print
  First Person Singular: print -> ['Ġprint']
  Second Person Singular: print -> ['Ġprint']
----------------------------------------
Infinitive: add
  First Person Singular: add -> ['Ġadd']
  Second Person Singular: add -> ['Ġadd']
----------------------------------------
Infinitive: happen
  First Person Singular: happen -> ['Ġhappen']
  Second Person Singular: happen -> ['Ġhappen']
----------------------------------------
Infinitive: insist
  First Person Singular: insist -> ['Ġinsist']
  Second Person Singular: insist -> ['Ġinsist']
----------------------------------------
Infinitive: leave
  First Person Singular: leave -> ['Ġleave']
  Second Person Singular: leave -> ['Ġleave']
----------------------------------------
Infinitive: suffer
  First Person Singular: suffer -> ['Ġsuffer']
  Second Person Singular: suffer -> ['Ġsuffer']
----------------------------------------
Infinitive: fulfill
  First Person Singular: fulfill -> ['Ġfulfill']
  Second Person Singular: fulfill -> ['Ġfulfill']
----------------------------------------
Infinitive: direct
  First Person Singular: direct -> ['Ġdirect']
  Second Person Singular: direct -> ['Ġdirect']
----------------------------------------
Infinitive: pretend
  First Person Singular: pretend -> ['Ġpretend']
  Second Person Singular: pretend -> ['Ġpretend']
----------------------------------------
Infinitive: demand
  First Person Singular: demand -> ['Ġdemand']
  Second Person Singular: demand -> ['Ġdemand']
----------------------------------------
Infinitive: choose
  First Person Singular: choose -> ['Ġchoose']
  Second Person Singular: choose -> ['Ġchoose']
----------------------------------------
Infinitive: correct
  First Person Singular: correct -> ['Ġcorrect']
  Second Person Singular: correct -> ['Ġcorrect']
----------------------------------------
Infinitive: measure
  First Person Singular: measure -> ['Ġmeasure']
  Second Person Singular: measure -> ['Ġmeasure']
----------------------------------------
Infinitive: ask for
  First Person Singular: ask for -> ['Ġask', 'Ġfor']
  Second Person Singular: ask for -> ['Ġask', 'Ġfor']
----------------------------------------
Infinitive: follow
  First Person Singular: follow -> ['Ġfollow']
  Second Person Singular: follow -> ['Ġfollow']
----------------------------------------
Infinitive: get
  First Person Singular: get -> ['Ġget']
  Second Person Singular: get -> ['Ġget']
----------------------------------------
Infinitive: chase
  First Person Singular: chase -> ['Ġchase']
  Second Person Singular: chase -> ['Ġchase']
----------------------------------------
Infinitive: distinguish
  First Person Singular: distinguish -> ['Ġdistinguish']
  Second Person Singular: distinguish -> ['Ġdistinguish']
----------------------------------------
Infinitive: extinguish
  First Person Singular: extinguish -> ['Ġextingu', 'ish']
  Second Person Singular: extinguish -> ['Ġextingu', 'ish']
----------------------------------------
Infinitive: flee
  First Person Singular: flee -> ['Ġflee']
  Second Person Singular: flee -> ['Ġflee']
----------------------------------------
Infinitive: influence
  First Person Singular: influence -> ['Ġinfluence']
  Second Person Singular: influence -> ['Ġinfluence']
----------------------------------------
Infinitive: conclude
  First Person Singular: conclude -> ['Ġconclude']
  Second Person Singular: conclude -> ['Ġconclude']
----------------------------------------
Infinitive: include
  First Person Singular: include -> ['Ġinclude']
  Second Person Singular: include -> ['Ġinclude']
----------------------------------------
Infinitive: build
  First Person Singular: build -> ['Ġbuild']
  Second Person Singular: build -> ['Ġbuild']
----------------------------------------
Infinitive: destroy
  First Person Singular: destroy -> ['Ġdestroy']
  Second Person Singular: destroy -> ['Ġdestroy']
----------------------------------------
Infinitive: consume
  First Person Singular: consume -> ['Ġconsume']
  Second Person Singular: consume -> ['Ġconsume']
----------------------------------------
Infinitive: summarize
  First Person Singular: summarize -> ['Ġsummarize']
  Second Person Singular: summarize -> ['Ġsummarize']
----------------------------------------
Infinitive: wear
  First Person Singular: wear -> ['Ġwear']
  Second Person Singular: wear -> ['Ġwear']
----------------------------------------
Infinitive: compete
  First Person Singular: compete -> ['Ġcompete']
  Second Person Singular: compete -> ['Ġcompete']
----------------------------------------
Infinitive: prevent
  First Person Singular: prevent -> ['Ġprevent']
  Second Person Singular: prevent -> ['Ġprevent']
----------------------------------------
Infinitive: fire
  First Person Singular: fire -> ['Ġfire']
  Second Person Singular: fire -> ['Ġfire']
----------------------------------------
Infinitive: laugh
  First Person Singular: laugh -> ['Ġlaugh']
  Second Person Singular: laugh -> ['Ġlaugh']
----------------------------------------
Infinitive: smile
  First Person Singular: smile -> ['Ġsmile']
  Second Person Singular: smile -> ['Ġsmile']
----------------------------------------
Infinitive: fry
  First Person Singular: fry -> ['Ġfr', 'y']
  Second Person Singular: fry -> ['Ġfr', 'y']
----------------------------------------
Infinitive: serve
  First Person Singular: serve -> ['Ġserve']
  Second Person Singular: serve -> ['Ġserve']
----------------------------------------
Infinitive: repeat
  First Person Singular: repeat -> ['Ġrepeat']
  Second Person Singular: repeat -> ['Ġrepeat']
----------------------------------------
Infinitive: convert
  First Person Singular: convert -> ['Ġconvert']
  Second Person Singular: convert -> ['Ġconvert']
----------------------------------------
Infinitive: amuse
  First Person Singular: amuse -> ['Ġam', 'use']
  Second Person Singular: amuse -> ['Ġam', 'use']
----------------------------------------
Infinitive: feel
  First Person Singular: feel -> ['Ġfeel']
  Second Person Singular: feel -> ['Ġfeel']
----------------------------------------
Infinitive: lie
  First Person Singular: lie -> ['Ġlie']
  Second Person Singular: lie -> ['Ġlie']
----------------------------------------
Infinitive: prefer
  First Person Singular: prefer -> ['Ġprefer']
  Second Person Singular: prefer -> ['Ġprefer']
----------------------------------------
Infinitive: refer
  First Person Singular: refer -> ['Ġrefer']
  Second Person Singular: refer -> ['Ġrefer']
----------------------------------------
Infinitive: suggest
  First Person Singular: suggest -> ['Ġsuggest']
  Second Person Singular: suggest -> ['Ġsuggest']
----------------------------------------
Infinitive: sleep
  First Person Singular: sleep -> ['Ġsleep']
  Second Person Singular: sleep -> ['Ġsleep']
----------------------------------------
Infinitive: die
  First Person Singular: die -> ['Ġdie']
  Second Person Singular: die -> ['Ġdie']
----------------------------------------
Infinitive: boil
  First Person Singular: boil -> ['Ġboil']
  Second Person Singular: boil -> ['Ġboil']
----------------------------------------
Infinitive: warn
  First Person Singular: warn -> ['Ġwarn']
  Second Person Singular: warn -> ['Ġwarn']
----------------------------------------
Infinitive: invest
  First Person Singular: invest -> ['Ġinvest']
  Second Person Singular: invest -> ['Ġinvest']
----------------------------------------
Infinitive: intervene
  First Person Singular: intervene -> ['Ġintervene']
  Second Person Singular: intervene -> ['Ġintervene']
----------------------------------------
Infinitive: prevent
  First Person Singular: prevent -> ['Ġprevent']
  Second Person Singular: prevent -> ['Ġprevent']
----------------------------------------
Infinitive: come
  First Person Singular: come -> ['Ġcome']
  Second Person Singular: come -> ['Ġcome']
----------------------------------------
Infinitive: leave
  First Person Singular: leave -> ['Ġleave']
  Second Person Singular: leave -> ['Ġleave']
----------------------------------------
Infinitive: happen
  First Person Singular: happen -> ['Ġhappen']
  Second Person Singular: happen -> ['Ġhappen']
----------------------------------------
Infinitive: exist
  First Person Singular: exist -> ['Ġexist']
  Second Person Singular: exist -> ['Ġexist']
----------------------------------------
Infinitive: persist
  First Person Singular: persist -> ['Ġpersist']
  Second Person Singular: persist -> ['Ġpersist']
----------------------------------------
Infinitive: transmit
  First Person Singular: transmit -> ['Ġtransmit']
  Second Person Singular: transmit -> ['Ġtransmit']
----------------------------------------
Infinitive: emit
  First Person Singular: emit -> ['Ġemit']
  Second Person Singular: emit -> ['Ġemit']
----------------------------------------
Infinitive: define
  First Person Singular: define -> ['Ġdefine']
  Second Person Singular: define -> ['Ġdefine']
----------------------------------------
Infinitive: join
  First Person Singular: join -> ['Ġjoin']
  Second Person Singular: join -> ['Ġjoin']
----------------------------------------
Infinitive: assume
  First Person Singular: assume -> ['Ġassume']
  Second Person Singular: assume -> ['Ġassume']
----------------------------------------
Infinitive: attend
  First Person Singular: attend -> ['Ġattend']
  Second Person Singular: attend -> ['Ġattend']
----------------------------------------
Infinitive: admit
  First Person Singular: admit -> ['Ġadmit']
  Second Person Singular: admit -> ['Ġadmit']
----------------------------------------
Infinitive: allow
  First Person Singular: allow -> ['Ġallow']
  Second Person Singular: allow -> ['Ġallow']
----------------------------------------
Infinitive: perceive
  First Person Singular: perceive -> ['Ġperceive']
  Second Person Singular: perceive -> ['Ġperceive']
----------------------------------------
Infinitive: beat
  First Person Singular: beat -> ['Ġbeat']
  Second Person Singular: beat -> ['Ġbeat']
----------------------------------------
Infinitive: debate
  First Person Singular: debate -> ['Ġdebate']
  Second Person Singular: debate -> ['Ġdebate']
----------------------------------------
Infinitive: confuse
  First Person Singular: confuse -> ['Ġconfuse']
  Second Person Singular: confuse -> ['Ġconfuse']
----------------------------------------
Infinitive: melt
  First Person Singular: melt -> ['Ġmelt']
  Second Person Singular: melt -> ['Ġmelt']
----------------------------------------
Infinitive: fulfill
  First Person Singular: fulfill -> ['Ġfulfill']
  Second Person Singular: fulfill -> ['Ġfulfill']
----------------------------------------
Infinitive: persuade
  First Person Singular: persuade -> ['Ġpersuade']
  Second Person Singular: persuade -> ['Ġpersuade']
----------------------------------------
Infinitive: add
  First Person Singular: add -> ['Ġadd']
  Second Person Singular: add -> ['Ġadd']
----------------------------------------
Infinitive: arise
  First Person Singular: arise -> ['Ġarise']
  Second Person Singular: arise -> ['Ġarise']
----------------------------------------
Infinitive: pretend
  First Person Singular: pretend -> ['Ġpretend']
  Second Person Singular: pretend -> ['Ġpretend']
----------------------------------------
Infinitive: creak
  First Person Singular: creak -> ['Ġcre', 'ak']
  Second Person Singular: creak -> ['Ġcre', 'ak']
----------------------------------------
Infinitive: roar
  First Person Singular: roar -> ['Ġro', 'ar']
  Second Person Singular: roar -> ['Ġro', 'ar']
----------------------------------------
Infinitive: polish
  First Person Singular: polish -> ['Ġpol', 'ish']
  Second Person Singular: polish -> ['Ġpol', 'ish']
----------------------------------------
Infinitive: demand
  First Person Singular: demand -> ['Ġdemand']
  Second Person Singular: demand -> ['Ġdemand']
----------------------------------------
Infinitive: afflict
  First Person Singular: afflict -> ['Ġaff', 'lict']
  Second Person Singular: afflict -> ['Ġaff', 'lict']
----------------------------------------
Infinitive: sculpt
  First Person Singular: sculpt -> ['Ġsculpt']
  Second Person Singular: sculpt -> ['Ġsculpt']
----------------------------------------
Infinitive: spit
  First Person Singular: spit -> ['Ġsp', 'it']
  Second Person Singular: spit -> ['Ġsp', 'it']
----------------------------------------
Infinitive: boast
  First Person Singular: boast -> ['Ġbo', 'ast']
  Second Person Singular: boast -> ['Ġbo', 'ast']
----------------------------------------
Infinitive: resist
  First Person Singular: resist -> ['Ġresist']
  Second Person Singular: resist -> ['Ġresist']
----------------------------------------
Infinitive: revive
  First Person Singular: revive -> ['Ġrevive']
  Second Person Singular: revive -> ['Ġrevive']
----------------------------------------
Infinitive: survive
  First Person Singular: survive -> ['Ġsurvive']
  Second Person Singular: survive -> ['Ġsurvive']
----------------------------------------
Infinitive: deliver
  First Person Singular: deliver -> ['Ġdeliver']
  Second Person Singular: deliver -> ['Ġdeliver']
----------------------------------------
Infinitive: squeeze
  First Person Singular: squeeze -> ['Ġsqueeze']
  Second Person Singular: squeeze -> ['Ġsqueeze']
----------------------------------------
Infinitive: repress
  First Person Singular: repress -> ['Ġrepress']
  Second Person Singular: repress -> ['Ġrepress']
----------------------------------------
Infinitive: shake
  First Person Singular: shake -> ['Ġshake']
  Second Person Singular: shake -> ['Ġshake']
----------------------------------------
Infinitive: drain
  First Person Singular: drain -> ['Ġdrain']
  Second Person Singular: drain -> ['Ġdrain']
----------------------------------------
Infinitive: attend
  First Person Singular: attend -> ['Ġattend']
  Second Person Singular: attend -> ['Ġattend']
----------------------------------------
Infinitive: stitch
  First Person Singular: stitch -> ['Ġstitch']
  Second Person Singular: stitch -> ['Ġstitch']
----------------------------------------
Infinitive: dye
  First Person Singular: dye -> ['Ġdye']
  Second Person Singular: dye -> ['Ġdye']
----------------------------------------
Infinitive: growl
  First Person Singular: growl -> ['Ġgrow', 'l']
  Second Person Singular: growl -> ['Ġgrow', 'l']
----------------------------------------
Infinitive: fight
  First Person Singular: fight -> ['Ġfight']
  Second Person Singular: fight -> ['Ġfight']
----------------------------------------
Infinitive: restrict
  First Person Singular: restrict -> ['Ġrestrict']
  Second Person Singular: restrict -> ['Ġrestrict']
----------------------------------------
Infinitive: reduce
  First Person Singular: reduce -> ['Ġreduce']
  Second Person Singular: reduce -> ['Ġreduce']
----------------------------------------
Infinitive: produce
  First Person Singular: produce -> ['Ġproduce']
  Second Person Singular: produce -> ['Ġproduce']
----------------------------------------
Infinitive: introduce
  First Person Singular: introduce -> ['Ġintroduce']
  Second Person Singular: introduce -> ['Ġintroduce']
----------------------------------------
Infinitive: translate
  First Person Singular: translate -> ['Ġtranslate']
  Second Person Singular: translate -> ['Ġtranslate']
----------------------------------------
Infinitive: seduce
  First Person Singular: seduce -> ['Ġsed', 'uce']
  Second Person Singular: seduce -> ['Ġsed', 'uce']
----------------------------------------
Infinitive: induce
  First Person Singular: induce -> ['Ġinduce']
  Second Person Singular: induce -> ['Ġinduce']
----------------------------------------
Infinitive: shine
  First Person Singular: shine -> ['Ġshine']
  Second Person Singular: shine -> ['Ġshine']
----------------------------------------
Infinitive: scatter
  First Person Singular: scatter -> ['Ġscatter']
  Second Person Singular: scatter -> ['Ġscatter']
----------------------------------------
Infinitive: drive
  First Person Singular: drive -> ['Ġdrive']
  Second Person Singular: drive -> ['Ġdrive']
----------------------------------------
Infinitive: discern
  First Person Singular: discern -> ['Ġdiscern']
  Second Person Singular: discern -> ['Ġdiscern']
----------------------------------------
Infinitive: moan
  First Person Singular: moan -> ['Ġmo', 'an']
  Second Person Singular: moan -> ['Ġmo', 'an']
----------------------------------------
Infinitive: coincide
  First Person Singular: coincide -> ['Ġcoincide']
  Second Person Singular: coincide -> ['Ġcoincide']
----------------------------------------
Evaluation complete — printing results next...
📎 results_yo = {'label': 'Format FIRST PERSON SING', 'accuracy': 0.6186440587043762, 'avg_gold_prob': 0.21832482516765594, 'avg_gold_rank': 45.98587417602539, 'num_total': 354, 'num_correct': 219}

📊 Evaluation results for Format FIRST PERSON SING
Top-1 Accuracy: 61.86% (219/354)
Average P(gold): 21.83%
Average Rank of Gold Token: 45.99

📊 Evaluation results for Format SECOND PERSON SING
Top-1 Accuracy: 64.69% (229/354)
Average P(gold): 23.70%
Average Rank of Gold Token: 24.32

🔍 Direct Logit Attribution for Format YO
Per-prompt DLA values (first 10): [12.3037109375, 13.790704727172852, 13.561588287353516, 10.075478553771973, 12.808996200561523, 15.206960678100586, 13.366742134094238, 12.425771713256836, 12.708168029785156, 11.410747528076172]
Average DLA: 11.960

🔍 Direct Logit Attribution for Format TU
Per-prompt DLA values (first 10): [12.668466567993164, 13.249471664428711, 13.848139762878418, 10.36490535736084, 12.919392585754395, 15.659773826599121, 14.64294147491455, 12.098125457763672, 12.96165943145752, 11.9716796875]
Average DLA: 12.519

 📈 Logit Lens (YO):
Layer 0: 1.093
Layer 1: 1.635
Layer 2: 1.820
Layer 3: 1.848
Layer 4: 1.686
Layer 5: 1.763
Layer 6: 1.609
Layer 7: 1.677
Layer 8: 1.788
Layer 9: 1.861
Layer 10: 2.046
Layer 11: 2.060
Layer 12: 2.175
Layer 13: 2.456
Layer 14: 2.996
Layer 15: 3.210
Layer 16: 3.955
Layer 17: 5.654
Layer 18: 8.804
Layer 19: 13.443
Layer 20: 15.776
Layer 21: 14.396
Layer 22: 13.845
Layer 23: 13.286

 📈 Logit Lens (TU):
Layer 0: 1.188
Layer 1: 1.326
Layer 2: 1.468
Layer 3: 1.625
Layer 4: 1.291
Layer 5: 1.323
Layer 6: 1.230
Layer 7: 1.454
Layer 8: 1.562
Layer 9: 1.641
Layer 10: 1.797
Layer 11: 1.862
Layer 12: 2.✅ Saved plot to logit_lens_first sing.png
✅ Saved plot to logit_lens_second sing.png
✅ Saved heatmap to logit_lens_heatmap_first_sing_english0.png
✅ Saved heatmap to logit_lens_heatmap_second_sing_english0.png
✅ Saved heatmap to logit_lens_heatmap_first_sing_english1.png
✅ Saved heatmap to logit_lens_heatmap_second_sing_english1.png
✅ Saved heatmap to logit_lens_heatmap_first_sing_english2.png
✅ Saved heatmap to logit_lens_heatmap_second_sing_english2.png
✅ Saved heatmap to logit_lens_heatmap_first_sing_english3.png
✅ Saved heatmap to logit_lens_heatmap_second_sing_english3.png
✅ Saved heatmap to logit_lens_heatmap_first_sing_english4.png
✅ Saved heatmap to logit_lens_heatmap_second_sing_english4.png
✅ Saved layerwise gold logit plot to layerwise_gold_logit_first_sing_english0.png
✅ Saved layerwise gold logit plot to layerwise_gold_logit_first_sing_english1.png
✅ Saved layerwise gold logit plot to layerwise_gold_logit_first_sing_english2.png
✅ Saved layerwise gold logit plot to layerwise_gold_logit_second_sing_english0.png
✅ Saved layerwise gold logit plot to layerwise_gold_logit_second_sing_english1.png
✅ Saved layerwise gold logit plot to layerwise_gold_logit_second_sing_english2.png
✅ Saved average layerwise gold logit plot to avg_layerwise_gold_logit_first_sing_english.png
✅ Saved headwise attribution heatmap to headwise_gold_logit_second_sing_english0.png
✅ Saved headwise attribution heatmap to headwise_gold_logit__first_sing_english1.png
✅ Save
📊 Average Contribution per Head (across prompts and layers) — SECOND SING:
Head H0: 0.052
Head H1: 0.120
Head H2: 0.051
Head H3: 0.026
Head H4: 0.058
Head H5: 0.040
Head H6: 0.066
Head H7: 0.047
Head H8: 0.050
Head H9: 0.042
Head H10: 0.089
Head H11: 0.045
Head H12: 0.055
Head H13: 0.074
Head H14: -0.143
Head H15: 0.055

🔥 Top 3 most involved heads:
L23H1 → 0.681
L22H1 → 0.619
L23H10 → 0.590
✅ Saved average headwise attribution heatmap to avg_headwise_gold_logit_second_sing_english.png
0.032
Head H12: 0.052
Head H13: 0.071
Head H14: -0.137
Head H15: 0.050

🔥 Top 3 most involved heads:
L23H1 → 0.694
L23H14 → 0.603
L22H1 → 0.597
✅ Saved average headwise attribution heatmap to avg_headwise_gold_logit_first_sing_english.png

📊 Average Contribution per Head (across prompts and layers) — SECOND SING:
Head H0: 0.052
Head H1: 0.120
Head H2: 0.051
Head H3: 0.026
Head H4: 0.058
Head H5: 0.040
Head H6: 0.066
Head H7: 0.047
Head H8: 0.050
Head H9: 0.042
Head H10: 0.089
Head H11: 0.045
Head H12: 0.055
Head H13: 0.074
Head H14: -0.143
Head H15: 0.055

🔥 Top 3 most involved heads:
L23H1 → 0.681
L22H1 → 0.619
L23H10 → 0.590
✅ Saved average headwise attribution heatmap to avg_headwise_gold_logit_second_sing_english.pn✅ Saved average attention visualization for FIRS SING to top_heads_attention_avg_first_sing_english.html
📂 Open it in your browser to explore interactively.
✅ Saved average attention visualization for FIRST SING to manual_heads_attention_avg_first_sing_english.html
📂 Open it in your browser to explore interactively.✅ Saved average attention visualization for SECOND SING to manual_heads_attention_avg_second_sing_english.html
📂 Open it in your browser to explore interactively.
