Loaded pretrained model bigscience/bloom-1b7 into HookedTransformer
Moving model to device:  cuda
total number of verbs for language eng:  23896
Filtering pair: first singular vs second singular  (language=eng)

after filter_conjugations, number of saved verbs: 23896
[english] verbs kept for first singular vs second singular: 1300
✅ Saved: resid_pre_1sg22sg_english_inf3_conj3.png
✅ Saved: resid_pre_1sg22sg_english_inf4_conj4.png
✅ Saved: resid_pre_1sg22sg_english_inf2_conj2.png
✅ Saved: resid_pre_1sg22sg_english_inf5_conj5.png
✅ Saved: resid_pre_1sg22sg_english_inf6_conj6.png
✅ Saved: resid_pre_2sg21sg_english_inf3_conj3.png
✅ Saved: resid_pre_2sg21sg_english_inf5_conj5.png
✅ Saved: resid_pre_2sg21sg_english_inf2_conj2.png
✅ Saved: resid_pre_2sg21sg_english_inf6_conj6.png
✅ Saved: attn_head_out_all_pos_2sg21sg_english.png
✅ Saved tensor: attn_head_out_all_pos_patch_results_2sg21sg_english.pt
✅ Saved: attn_head_out_all_pos_1sg22sg_english.png
✅ Saved tensor: attn_head_out_all_pos_patch_results_1sg22sg_english.pt
total number of verbs for language spa:  7209
Filtering pair: first singular vs second singular  (language=spa)

after filter_conjugations, number of saved verbs: 4737
[spanish] verbs kept for first singular vs second singular: 1300
✅ Saved: resid_pre_1sg22sg_spanish_inf3_conj3.png
✅ Saved: resid_pre_1sg22sg_spanish_inf5_conj5.png
✅ Saved: resid_pre_1sg22sg_spanish_inf3_conj4.png
✅ Saved: resid_pre_1sg22sg_spanish_inf2_conj3.png
✅ Saved: resid_pre_2sg21sg_spanish_inf3_conj3.png
✅ Saved: resid_pre_2sg21sg_spanish_inf5_conj5.png
✅ Saved: resid_pre_2sg21sg_spanish_inf3_conj4.png
✅ Saved: resid_pre_2sg21sg_spanish_inf2_conj3.png
✅ Saved: attn_head_out_all_pos_2sg21sg_spanish.png
✅ Saved tensor: attn_head_out_all_pos_patch_results_2sg21sg_spanish.pt
✅ Saved: attn_head_out_all_pos_1sg22sg_spanish.png
✅ Saved tensor: attn_head_out_all_pos_patch_results_1sg22sg_spanish.pt
total number of verbs for language por:  4444
Filtering pair: first singular vs second singular  (language=por)

after filter_conjugations, number of saved verbs: 2844
[portuguese] verbs kept for first singular vs second singular: 1300
✅ Saved: resid_pre_1sg22sg_portuguese_inf3_conj3.png
✅ Saved: resid_pre_1sg22sg_portuguese_inf2_conj2.png
✅ Saved: resid_pre_1sg22sg_portuguese_inf4_conj4.png
✅ Saved: resid_pre_1sg22sg_portuguese_inf4_conj3.png
✅ Saved: resid_pre_1sg22sg_portuguese_inf3_conj4.png
✅ Saved: resid_pre_2sg21sg_portuguese_inf3_conj3.png
✅ Saved: resid_pre_2sg21sg_portuguese_inf2_conj2.png
✅ Saved: resid_pre_2sg21sg_portuguese_inf4_conj4.png
✅ Saved: resid_pre_2sg21sg_portuguese_inf3_conj4.png
✅ Saved: resid_pre_2sg21sg_portuguese_inf2_conj3.png
✅ Saved: attn_head_out_all_pos_2sg21sg_portuguese.png
✅ Saved tensor: attn_head_out_all_pos_patch_results_2sg21sg_portuguese.pt
✅ Saved: attn_head_out_all_pos_1sg22sg_portuguese.png
✅ Saved tensor: attn_head_out_all_pos_patch_results_1sg22sg_portuguese.pt
