Loaded pretrained model bigscience/bloom-1b1 into HookedTransformer
Moving model to device:  cuda
total number of verbs for language eng:  23896
Filtering pair: first plural vs second plural  (language=eng)

after filter_conjugations, number of saved verbs: 23896
[english] verbs kept for first plural vs second plural: 1300
✅ Saved: resid_pre_1pl22pl_english_inf3_conj3.png
✅ Saved: resid_pre_1pl22pl_english_inf4_conj4.png
✅ Saved: resid_pre_1pl22pl_english_inf2_conj2.png
✅ Saved: resid_pre_1pl22pl_english_inf5_conj5.png
✅ Saved: resid_pre_1pl22pl_english_inf6_conj6.png
✅ Saved: resid_pre_2pl21pl_english_inf3_conj3.png
✅ Saved: resid_pre_2pl21pl_english_inf4_conj4.png
✅ Saved: resid_pre_2pl21pl_english_inf2_conj2.png
✅ Saved: resid_pre_2pl21pl_english_inf5_conj5.png
✅ Saved: resid_pre_2pl21pl_english_inf6_conj6.png
✅ Saved: attn_head_out_all_pos_2pl21pl_english.png
✅ Saved tensor: attn_head_out_all_pos_patch_results_2pl21pl_english.pt
✅ Saved: attn_head_out_all_pos_1pl22pl_english.png
✅ Saved tensor: attn_head_out_all_pos_patch_results_1pl22pl_english.pt
total number of verbs for language spa:  7209
Filtering pair: first plural vs second plural  (language=spa)

after filter_conjugations, number of saved verbs: 5913
[spanish] verbs kept for first plural vs second plural: 1300
✅ Saved: resid_pre_1pl22pl_spanish_inf3_conj3.png
✅ Saved: resid_pre_1pl22pl_spanish_inf4_conj4.png
✅ Saved: resid_pre_1pl22pl_spanish_inf2_conj3.png
✅ Saved: resid_pre_1pl22pl_spanish_inf4_conj5.png
✅ Saved: resid_pre_2pl21pl_spanish_inf3_conj3.png
✅ Saved: resid_pre_2pl21pl_spanish_inf2_conj3.png
✅ Saved: resid_pre_2pl21pl_spanish_inf4_conj5.png
✅ Saved: attn_head_out_all_pos_2pl21pl_spanish.png
✅ Saved tensor: attn_head_out_all_pos_patch_results_2pl21pl_spanish.pt
✅ Saved: attn_head_out_all_pos_1pl22pl_spanish.png
✅ Saved tensor: attn_head_out_all_pos_patch_results_1pl22pl_spanish.pt
total number of verbs for language por:  4444
Filtering pair: first plural vs second plural  (language=por)

after filter_conjugations, number of saved verbs: 2631
[portuguese] verbs kept for first plural vs second plural: 1300
✅ Saved: resid_pre_1pl22pl_portuguese_inf3_conj3.png
✅ Saved: resid_pre_1pl22pl_portuguese_inf3_conj4.png
✅ Saved: resid_pre_1pl22pl_portuguese_inf4_conj5.png
✅ Saved: resid_pre_1pl22pl_portuguese_inf2_conj3.png
✅ Saved: resid_pre_2pl21pl_portuguese_inf3_conj4.png
✅ Saved: resid_pre_2pl21pl_portuguese_inf2_conj3.png
✅ Saved: resid_pre_2pl21pl_portuguese_inf4_conj5.png
✅ Saved: attn_head_out_all_pos_2pl21pl_portuguese.png
✅ Saved tensor: attn_head_out_all_pos_patch_results_2pl21pl_portuguese.pt
✅ Saved: attn_head_out_all_pos_1pl22pl_portuguese.png
✅ Saved tensor: attn_head_out_all_pos_patch_results_1pl22pl_portuguese.pt
