Loaded pretrained model bigscience/bloom-1b1 into HookedTransformer
Moving model to device:  cuda
total number of verbs for language spa:  13
Kept verb forms for language: spa

after filter_conjugations, number of saved verbs: 4737
[spanish] verbs kept: 1300
✅ Saved: resid_pre_first2second_spanish_inf3_conj3.png
✅ Saved: resid_pre_first2second_spanish_inf4_conj4.png
✅ Saved: resid_pre_first2second_spanish_inf3_conj4.png
✅ Saved: resid_pre_first2second_spanish_inf2_conj3.png
✅ Saved: resid_pre_first2second_spanish_inf5_conj5.png
✅ Saved: resid_pre_second2first_spanish_inf3_conj3.png
✅ Saved: resid_pre_second2first_spanish_inf4_conj4.png
✅ Saved: resid_pre_second2first_spanish_inf3_conj4.png
✅ Saved: resid_pre_second2first_spanish_inf2_conj3.png
✅ Saved: resid_pre_second2first_spanish_inf5_conj5.png
✅ Saved: attn_head_out_all_pos_second2first_spanish.png
✅ Saved tensor: attn_head_out_all_pos_patch_results_second2first_spanish.pt
✅ Saved: attn_head_out_all_pos_first2second_spanish.png
✅ Saved tensor: attn_head_out_all_pos_patch_results_first2second_spanish.pt
total number of verbs for language por:  13
Kept verb forms for language: por

after filter_conjugations, number of saved verbs: 2844
[portuguese] verbs kept: 1300
✅ Saved: resid_pre_first2second_portuguese_inf3_conj3.png
✅ Saved: resid_pre_first2second_portuguese_inf2_conj2.png
✅ Saved: resid_pre_first2second_portuguese_inf4_conj4.png
✅ Saved: resid_pre_first2second_portuguese_inf3_conj4.png
✅ Saved: resid_pre_first2second_portuguese_inf2_conj3.png
✅ Saved: resid_pre_second2first_portuguese_inf3_conj3.png
✅ Saved: resid_pre_second2first_portuguese_inf2_conj2.png
✅ Saved: resid_pre_second2first_portuguese_inf4_conj4.png
✅ Saved: resid_pre_second2first_portuguese_inf4_conj3.png
✅ Saved: resid_pre_second2first_portuguese_inf3_conj4.png
✅ Saved: attn_head_out_all_pos_second2first_portuguese.png
✅ Saved tensor: attn_head_out_all_pos_patch_results_second2first_portuguese.pt
✅ Saved: attn_head_out_all_pos_first2second_portuguese.png
✅ Saved tensor: attn_head_out_all_pos_patch_results_first2second_portuguese.pt
total number of verbs for language cat:  13
Kept verb forms for language: cat

after filter_conjugations, number of saved verbs: 1562
[catalan] verbs kept: 1300
✅ Saved: resid_pre_first2second_catalan_inf3_conj4.png
✅ Saved: resid_pre_first2second_catalan_inf3_conj3.png
✅ Saved: resid_pre_first2second_catalan_inf4_conj4.png
✅ Saved: resid_pre_first2second_catalan_inf2_conj2.png
✅ Saved: resid_pre_second2first_catalan_inf2_conj3.png
✅ Saved: resid_pre_second2first_catalan_inf2_conj2.png
✅ Saved: resid_pre_second2first_catalan_inf4_conj5.png
✅ Saved: attn_head_out_all_pos_second2first_catalan.png
✅ Saved tensor: attn_head_out_all_pos_patch_results_second2first_catalan.pt
✅ Saved: attn_head_out_all_pos_first2second_catalan.png
✅ Saved tensor: attn_head_out_all_pos_patch_results_first2second_catalan.pt
