Loaded pretrained model bigscience/bloom-1b7 into HookedTransformer
Moving model to device:  cuda
total number of verbs for language eng:  23896
Filtering pair: first singular vs first plural  (language=eng)

after filter_conjugations, number of saved verbs: 23896
[english] verbs kept for first singular vs first plural: 1300
✅ Saved: resid_pre_1sg21pl_english_inf3_conj3.png
✅ Saved: resid_pre_1sg21pl_english_inf4_conj4.png
✅ Saved: resid_pre_1sg21pl_english_inf2_conj2.png
✅ Saved: resid_pre_1sg21pl_english_inf5_conj5.png
✅ Saved: resid_pre_1sg21pl_english_inf6_conj6.png
✅ Saved: resid_pre_1pl21sg_english_inf3_conj3.png
✅ Saved: resid_pre_1pl21sg_english_inf5_conj5.png
✅ Saved: resid_pre_1pl21sg_english_inf2_conj2.png
✅ Saved: resid_pre_1pl21sg_english_inf6_conj6.png
✅ Saved: attn_head_out_all_pos_1pl21sg_english.png
✅ Saved tensor: attn_head_out_all_pos_patch_results_1pl21sg_english.pt
✅ Saved: attn_head_out_all_pos_1sg21pl_english.png
✅ Saved tensor: attn_head_out_all_pos_patch_results_1sg21pl_english.pt
total number of verbs for language spa:  7209
Filtering pair: first singular vs first plural  (language=spa)

after filter_conjugations, number of saved verbs: 2119
[spanish] verbs kept for first singular vs first plural: 1300
✅ Saved: resid_pre_1sg21pl_spanish_inf3_conj3.png
✅ Saved: resid_pre_1sg21pl_spanish_inf4_conj4.png
✅ Saved: resid_pre_1sg21pl_spanish_inf4_conj5.png
✅ Saved: resid_pre_1sg21pl_spanish_inf3_conj4.png
✅ Saved: resid_pre_1sg21pl_spanish_inf5_conj5.png
✅ Saved: resid_pre_1pl21sg_spanish_inf3_conj3.png
✅ Saved: resid_pre_1pl21sg_spanish_inf4_conj4.png
✅ Saved: resid_pre_1pl21sg_spanish_inf3_conj4.png
✅ Saved: resid_pre_1pl21sg_spanish_inf4_conj5.png
✅ Saved: resid_pre_1pl21sg_spanish_inf5_conj5.png
✅ Saved: attn_head_out_all_pos_1pl21sg_spanish.png
✅ Saved tensor: attn_head_out_all_pos_patch_results_1pl21sg_spanish.pt
✅ Saved: attn_head_out_all_pos_1sg21pl_spanish.png
✅ Saved tensor: attn_head_out_all_pos_patch_results_1sg21pl_spanish.pt
total number of verbs for language por:  4444
Filtering pair: first singular vs first plural  (language=por)

after filter_conjugations, number of saved verbs: 1250
[portuguese] verbs kept for first singular vs first plural: 1250
✅ Saved: resid_pre_1sg21pl_portuguese_inf3_conj3.png
✅ Saved: resid_pre_1sg21pl_portuguese_inf4_conj4.png
✅ Saved: resid_pre_1sg21pl_portuguese_inf3_conj4.png
✅ Saved: resid_pre_1sg21pl_portuguese_inf2_conj3.png
✅ Saved: resid_pre_1pl21sg_portuguese_inf3_conj3.png
✅ Saved: resid_pre_1pl21sg_portuguese_inf4_conj4.png
✅ Saved: resid_pre_1pl21sg_portuguese_inf3_conj4.png
✅ Saved: resid_pre_1pl21sg_portuguese_inf2_conj3.png
↪️  1pl21sg: skipping (2, 4) - no match
✅ Saved: attn_head_out_all_pos_1pl21sg_portuguese.png
✅ Saved tensor: attn_head_out_all_pos_patch_results_1pl21sg_portuguese.pt
✅ Saved: attn_head_out_all_pos_1sg21pl_portuguese.png
✅ Saved tensor: attn_head_out_all_pos_patch_results_1sg21pl_portuguese.pt
